<?xml version="1.0" ?>
<testsuite name="ApiTest-20240503121624" tests="18" time="0.141" failures="0" errors="6">
	<testcase classname="ApiTest" name="test_10_get_home_invalid_method" time="0.031"/>
	<testcase classname="ApiTest" name="test_11_get_sports_invalid_method" time="0.000"/>
	<testcase classname="ApiTest" name="test_12_get_political_invalid_method" time="0.016"/>
	<testcase classname="ApiTest" name="test_13_get_home_valid_data" time="0.000"/>
	<testcase classname="ApiTest" name="test_14_get_sports_valid_data" time="0.016"/>
	<testcase classname="ApiTest" name="test_15_get_political_valid_data" time="0.000"/>
	<testcase classname="ApiTest" name="test_1_get_home_success" time="0.000"/>
	<testcase classname="ApiTest" name="test_2_get_sports_success" time="0.000"/>
	<testcase classname="ApiTest" name="test_3_get_political_success" time="0.016"/>
	<testcase classname="ApiTest" name="test_4_get_home_invalid_route" time="0.000"/>
	<testcase classname="ApiTest" name="test_5_get_sports_invalid_route" time="0.000"/>
	<testcase classname="ApiTest" name="test_6_get_political_invalid_route" time="0.016"/>
	<testcase classname="ApiTest" name="test_16_get_home_invalid_parameters" time="0.016">
		<error type="AssertionError" message="200 != 400"><![CDATA[Traceback (most recent call last):
  File "D:\Python_CI_Project\backend\test\newspaper_test.py", line 101, in test_16_get_home_invalid_parameters
    self.assertEqual(response.status_code, 400)  # Bad Request
AssertionError: 200 != 400
]]></error>
	</testcase>
	<testcase classname="ApiTest" name="test_17_get_sports_invalid_parameters" time="0.000">
		<error type="AssertionError" message="200 != 400"><![CDATA[Traceback (most recent call last):
  File "D:\Python_CI_Project\backend\test\newspaper_test.py", line 106, in test_17_get_sports_invalid_parameters
    self.assertEqual(response.status_code, 400)  # Bad Request
AssertionError: 200 != 400
]]></error>
	</testcase>
	<testcase classname="ApiTest" name="test_18_get_political_invalid_parameters" time="0.016">
		<error type="AssertionError" message="200 != 400"><![CDATA[Traceback (most recent call last):
  File "D:\Python_CI_Project\backend\test\newspaper_test.py", line 111, in test_18_get_political_invalid_parameters
    self.assertEqual(response.status_code, 400)  # Bad Request
AssertionError: 200 != 400
]]></error>
	</testcase>
	<testcase classname="ApiTest" name="test_7_get_home_empty_response" time="0.000">
		<error type="AssertionError" message="{'articles': [{'content': 'Moon Holds More Water Ice Than Expected, Especially at North Pole.', 'id': 1, 'title': 'Breaking News: Scientists Discover New Species of Bird'}, {'content': 'Punjab Kings defeats Chennai Super Kings by seven wickets.', 'id': 2, 'title': 'Sports: IPL match between.'}, {'content': 'BackBack US Fed policy: Political stability to outweigh higher interest rate concerns for Indian investors.', 'id': 3, 'title': 'Political: Powell talks about the interest rate.'}]} is not false"><![CDATA[Traceback (most recent call last):
  File "D:\Python_CI_Project\backend\test\newspaper_test.py", line 54, in test_7_get_home_empty_response
    self.assertFalse(response_data)  # Assuming an empty response is possible
AssertionError: {'articles': [{'content': 'Moon Holds More Water Ice Than Expected, Especially at North Pole.', 'id': 1, 'title': 'Breaking News: Scientists Discover New Species of Bird'}, {'content': 'Punjab Kings defeats Chennai Super Kings by seven wickets.', 'id': 2, 'title': 'Sports: IPL match between.'}, {'content': 'BackBack US Fed policy: Political stability to outweigh higher interest rate concerns for Indian investors.', 'id': 3, 'title': 'Political: Powell talks about the interest rate.'}]} is not false
]]></error>
	</testcase>
	<testcase classname="ApiTest" name="test_8_get_sports_empty_response" time="0.016">
		<error type="AssertionError" message="{'articles': [{'content': 'Real Madrid and Liverpool will face off in the Champions League final this Saturday. Both teams are in top form and are expected to deliver an exciting match.', 'id': 1, 'title': 'Champions League Final: Real Madrid vs Liverpool'}, {'content': 'The NBA Finals are heating up as the Los Angeles Lakers take on the Brooklyn Nets in a highly anticipated showdown. LeBron James and Kevin Durant will lead their respective teams in a battle for the championship title.', 'id': 2, 'title': 'NBA Finals: Los Angeles Lakers vs Brooklyn Nets'}, {'content': 'The group stage of the FIFA World Cup 2022 has concluded with some surprising results. Favorites like Brazil and Germany have advanced to the knockout stage, while underdogs like Iceland and Senegal have also impressed with their performances.', 'id': 3, 'title': 'FIFA World Cup 2022: Group Stage Results'}, {'content': 'The Wimbledon Championships are set to begin next week, with top tennis players from around the world competing for the prestigious title. Defending champions Novak Djokovic and Ashleigh Barty will face tough competition as they aim to retain their titles.', 'id': 4, 'title': 'Tennis: Wimbledon Championships Preview'}, {'content': 'The Monaco Grand Prix delivered plenty of excitement and drama as Lewis Hamilton secured victory after a thrilling race. The tight streets of Monte Carlo provided a challenging circuit for drivers, making for an unforgettable event.', 'id': 5, 'title': 'Formula 1: Monaco Grand Prix Highlights'}]} is not false"><![CDATA[Traceback (most recent call last):
  File "D:\Python_CI_Project\backend\test\newspaper_test.py", line 60, in test_8_get_sports_empty_response
    self.assertFalse(response_data)  # Assuming an empty response is possible
AssertionError: {'articles': [{'content': 'Real Madrid and Liverpool will face off in the Champions League final this Saturday. Both teams are in top form and are expected to deliver an exciting match.', 'id': 1, 'title': 'Champions League Final: Real Madrid vs Liverpool'}, {'content': 'The NBA Finals are heating up as the Los Angeles Lakers take on the Brooklyn Nets in a highly anticipated showdown. LeBron James and Kevin Durant will lead their respective teams in a battle for the championship title.', 'id': 2, 'title': 'NBA Finals: Los Angeles Lakers vs Brooklyn Nets'}, {'content': 'The group stage of the FIFA World Cup 2022 has concluded with some surprising results. Favorites like Brazil and Germany have advanced to the knockout stage, while underdogs like Iceland and Senegal have also impressed with their performances.', 'id': 3, 'title': 'FIFA World Cup 2022: Group Stage Results'}, {'content': 'The Wimbledon Championships are set to begin next week, with top tennis players from around the world competing for the prestigious title. Defending champions Novak Djokovic and Ashleigh Barty will face tough competition as they aim to retain their titles.', 'id': 4, 'title': 'Tennis: Wimbledon Championships Preview'}, {'content': 'The Monaco Grand Prix delivered plenty of excitement and drama as Lewis Hamilton secured victory after a thrilling race. The tight streets of Monte Carlo provided a challenging circuit for drivers, making for an unforgettable event.', 'id': 5, 'title': 'Formula 1: Monaco Grand Prix Highlights'}]} is not false
]]></error>
	</testcase>
	<testcase classname="ApiTest" name="test_9_get_political_empty_response" time="0.000">
		<error type="AssertionError" message="{'articles': [{'content': 'The top U.S. intelligence official warned Congress of an alarming rise in cyberattacks at a hearing on global threats Thursday.', 'id': 1, 'title': 'U.S. intelligence chief warns Congress of rise in cyberattacks'}, {'content': 'Americans overwhelmingly hold an unfavorable view of China, with an increasing number labeling the nation as an enemy of the United States, according to a Pew Research Center survey released Wednesday.', 'id': 2, 'title': 'China is an enemy of the U.S. for a growing number of Americans, Pew poll shows.'}, {'content': 'You could see some banks either fail or at least, you know, dip below their minimum capital requirements,Christopher Wolfe, managing director and head of North American banks at Fitch Ratings, told CNBC.', 'id': 3, 'title': 'Why hundreds of U.S. banks may be at risk of failure.'}]} is not false"><![CDATA[Traceback (most recent call last):
  File "D:\Python_CI_Project\backend\test\newspaper_test.py", line 66, in test_9_get_political_empty_response
    self.assertFalse(response_data)  # Assuming an empty response is possible
AssertionError: {'articles': [{'content': 'The top U.S. intelligence official warned Congress of an alarming rise in cyberattacks at a hearing on global threats Thursday.', 'id': 1, 'title': 'U.S. intelligence chief warns Congress of rise in cyberattacks'}, {'content': 'Americans overwhelmingly hold an unfavorable view of China, with an increasing number labeling the nation as an enemy of the United States, according to a Pew Research Center survey released Wednesday.', 'id': 2, 'title': 'China is an enemy of the U.S. for a growing number of Americans, Pew poll shows.'}, {'content': 'You could see some banks either fail or at least, you know, dip below their minimum capital requirements,Christopher Wolfe, managing director and head of North American banks at Fitch Ratings, told CNBC.', 'id': 3, 'title': 'Why hundreds of U.S. banks may be at risk of failure.'}]} is not false
]]></error>
	</testcase>
	<system-out><![CDATA[]]></system-out>
	<system-err><![CDATA[]]></system-err>
</testsuite>
